/*C13*/SET SCHEMA PUBLIC
DISCONNECT
/*C14*/SET SCHEMA PUBLIC
DISCONNECT
/*C15*/SET SCHEMA PUBLIC
DISCONNECT
/*C16*/SET SCHEMA PUBLIC
DISCONNECT
/*C17*/SET SCHEMA PUBLIC
DISCONNECT
/*C18*/SET SCHEMA PUBLIC
DISCONNECT
/*C19*/SET SCHEMA PUBLIC
DISCONNECT
/*C20*/SET SCHEMA PUBLIC
DELETE FROM USUARIOS WHERE LOGIN='usuario1'
INSERT INTO USUARIOS VALUES('usuario1','usuario1','Cliente','0',2)
DELETE FROM INFOUSUARIOS WHERE ID=2
INSERT INTO INFOUSUARIOS VALUES(2,'usuario1','usuario1','usuario1@micorreo.com')
COMMIT
DELETE FROM USUARIOS WHERE LOGIN='usuario1'
INSERT INTO USUARIOS VALUES('usuario1','usuario1','Cliente','1',2)
DELETE FROM INFOUSUARIOS WHERE ID=2
INSERT INTO INFOUSUARIOS VALUES(2,'usuario1','usuario1','usuario1@micorreo.com')
COMMIT
DELETE FROM USUARIOS WHERE LOGIN='usuario1'
INSERT INTO USUARIOS VALUES('usuario1','usuario1','Cliente','1',2)
DELETE FROM INFOUSUARIOS WHERE ID=2
INSERT INTO INFOUSUARIOS VALUES(2,'usuario1','usuario1','usuario1@micorreo.com')
COMMIT
DISCONNECT
